D:\DROPBOX_ZHICHENG.YAN.19841231_AT_GMAIL\DROPBOX\TA418\OPENGL_DEMO\DEBUG\OPENGL_DEMO.EXE
D:\DROPBOX_ZHICHENG.YAN.19841231_AT_GMAIL\DROPBOX\TA418\OPENGL_DEMO\DEBUG\OPENGL_DEMO.ILK
D:\DROPBOX_ZHICHENG.YAN.19841231_AT_GMAIL\DROPBOX\TA418\OPENGL_DEMO\DEBUG\OPENGL_DEMO.PDB
D:\Dropbox_zhicheng.yan.19841231_at_gmail\Dropbox\TA418\openGL_demo\openGL_demo\Debug\cl.command.1.tlog
D:\Dropbox_zhicheng.yan.19841231_at_gmail\Dropbox\TA418\openGL_demo\openGL_demo\Debug\CL.read.1.tlog
D:\Dropbox_zhicheng.yan.19841231_at_gmail\Dropbox\TA418\openGL_demo\openGL_demo\Debug\CL.write.1.tlog
D:\DROPBOX_ZHICHENG.YAN.19841231_AT_GMAIL\DROPBOX\TA418\OPENGL_DEMO\OPENGL_DEMO\DEBUG\DEMO.OBJ
D:\Dropbox_zhicheng.yan.19841231_at_gmail\Dropbox\TA418\openGL_demo\openGL_demo\Debug\link.2324.read.1.tlog
D:\Dropbox_zhicheng.yan.19841231_at_gmail\Dropbox\TA418\openGL_demo\openGL_demo\Debug\link.2324.write.1.tlog
D:\Dropbox_zhicheng.yan.19841231_at_gmail\Dropbox\TA418\openGL_demo\openGL_demo\Debug\link.2324-cvtres.read.1.tlog
D:\Dropbox_zhicheng.yan.19841231_at_gmail\Dropbox\TA418\openGL_demo\openGL_demo\Debug\link.2324-cvtres.write.1.tlog
D:\Dropbox_zhicheng.yan.19841231_at_gmail\Dropbox\TA418\openGL_demo\openGL_demo\Debug\link.command.1.tlog
D:\Dropbox_zhicheng.yan.19841231_at_gmail\Dropbox\TA418\openGL_demo\openGL_demo\Debug\link.read.1.tlog
D:\Dropbox_zhicheng.yan.19841231_at_gmail\Dropbox\TA418\openGL_demo\openGL_demo\Debug\link.write.1.tlog
D:\Dropbox_zhicheng.yan.19841231_at_gmail\Dropbox\TA418\openGL_demo\openGL_demo\Debug\link-cvtres.read.1.tlog
D:\Dropbox_zhicheng.yan.19841231_at_gmail\Dropbox\TA418\openGL_demo\openGL_demo\Debug\link-cvtres.write.1.tlog
D:\Dropbox_zhicheng.yan.19841231_at_gmail\Dropbox\TA418\openGL_demo\openGL_demo\Debug\mt.command.1.tlog
D:\Dropbox_zhicheng.yan.19841231_at_gmail\Dropbox\TA418\openGL_demo\openGL_demo\Debug\mt.read.1.tlog
D:\Dropbox_zhicheng.yan.19841231_at_gmail\Dropbox\TA418\openGL_demo\openGL_demo\Debug\mt.write.1.tlog
D:\DROPBOX_ZHICHENG.YAN.19841231_AT_GMAIL\DROPBOX\TA418\OPENGL_DEMO\OPENGL_DEMO\DEBUG\OPENGL_DEMO.EXE.EMBED.MANIFEST
D:\DROPBOX_ZHICHENG.YAN.19841231_AT_GMAIL\DROPBOX\TA418\OPENGL_DEMO\OPENGL_DEMO\DEBUG\OPENGL_DEMO.EXE.EMBED.MANIFEST.RES
D:\DROPBOX_ZHICHENG.YAN.19841231_AT_GMAIL\DROPBOX\TA418\OPENGL_DEMO\OPENGL_DEMO\DEBUG\OPENGL_DEMO.EXE.INTERMEDIATE.MANIFEST
D:\Dropbox_zhicheng.yan.19841231_at_gmail\Dropbox\TA418\openGL_demo\openGL_demo\Debug\openGL_demo_manifest.rc
D:\Dropbox_zhicheng.yan.19841231_at_gmail\Dropbox\TA418\openGL_demo\openGL_demo\Debug\rc.command.1.tlog
D:\Dropbox_zhicheng.yan.19841231_at_gmail\Dropbox\TA418\openGL_demo\openGL_demo\Debug\rc.read.1.tlog
D:\Dropbox_zhicheng.yan.19841231_at_gmail\Dropbox\TA418\openGL_demo\openGL_demo\Debug\rc.write.1.tlog
D:\Dropbox_zhicheng.yan.19841231_at_gmail\Dropbox\TA418\openGL_demo\openGL_demo\Debug\vc100.idb
D:\DROPBOX_ZHICHENG.YAN.19841231_AT_GMAIL\DROPBOX\TA418\OPENGL_DEMO\OPENGL_DEMO\DEBUG\VC100.PDB
