Build started 1/24/2013 5:23:34 PM.
     1>Project "D:\Dropbox_zhicheng.yan.19841231_at_gmail\Dropbox\TA418\openGL_demo\openGL_demo\openGL_demo.vcxproj" on node 2 (build target(s)).
     1>InitializeBuildStatus:
         Creating "Debug\openGL_demo.unsuccessfulbuild" because "AlwaysCreate" was specified.
       ClCompile:
         C:\Program Files (x86)\Microsoft Visual Studio 10.0\VC\bin\CL.exe /c /I../include /ZI /nologo /W3 /WX- /Od /Oy- /D WIN32 /D _DEBUG /D _CONSOLE /D _UNICODE /D UNICODE /Gm /EHsc /RTC1 /MDd /GS /fp:precise /Zc:wchar_t /Zc:forScope /Fo"Debug\\" /Fd"Debug\vc100.pdb" /Gd /TP /analyze- /errorReport:prompt demo.cpp
         demo.cpp
       ManifestResourceCompile:
         All outputs are up-to-date.
       Link:
         C:\Program Files (x86)\Microsoft Visual Studio 10.0\VC\bin\link.exe /ERRORREPORT:PROMPT /OUT:"D:\Dropbox_zhicheng.yan.19841231_at_gmail\Dropbox\TA418\openGL_demo\Debug\openGL_demo.exe" /INCREMENTAL /NOLOGO /LIBPATH:../lib glew32.lib glu32.lib glut32.lib opengl32.lib kernel32.lib user32.lib gdi32.lib winspool.lib comdlg32.lib advapi32.lib shell32.lib ole32.lib oleaut32.lib uuid.lib odbc32.lib odbccp32.lib /MANIFEST /ManifestFile:"Debug\openGL_demo.exe.intermediate.manifest" /MANIFESTUAC:"level='asInvoker' uiAccess='false'" /DEBUG /PDB:"D:\Dropbox_zhicheng.yan.19841231_at_gmail\Dropbox\TA418\openGL_demo\Debug\openGL_demo.pdb" /SUBSYSTEM:CONSOLE /TLBID:1 /DYNAMICBASE /NXCOMPAT /IMPLIB:"D:\Dropbox_zhicheng.yan.19841231_at_gmail\Dropbox\TA418\openGL_demo\Debug\openGL_demo.lib" /MACHINE:X86 Debug\openGL_demo.exe.embed.manifest.res
         Debug\demo.obj
       Manifest:
         C:\Program Files (x86)\Microsoft SDKs\Windows\v7.0A\bin\mt.exe /nologo /verbose /out:"Debug\openGL_demo.exe.embed.manifest" /manifest Debug\openGL_demo.exe.intermediate.manifest
         All outputs are up-to-date.
       LinkEmbedManifest:
         All outputs are up-to-date.
         openGL_demo.vcxproj -> D:\Dropbox_zhicheng.yan.19841231_at_gmail\Dropbox\TA418\openGL_demo\Debug\openGL_demo.exe
       FinalizeBuildStatus:
         Deleting file "Debug\openGL_demo.unsuccessfulbuild".
         Touching "Debug\openGL_demo.lastbuildstate".
     1>Done Building Project "D:\Dropbox_zhicheng.yan.19841231_at_gmail\Dropbox\TA418\openGL_demo\openGL_demo\openGL_demo.vcxproj" (build target(s)).

Build succeeded.

Time Elapsed 00:00:00.48
