Build started 1/24/2013 5:23:15 PM.
     1>Project "D:\Dropbox_zhicheng.yan.19841231_at_gmail\Dropbox\TA418\openGL_demo\openGL_demo\openGL_demo.vcxproj" on node 2 (build target(s)).
     1>InitializeBuildStatus:
         Creating "Release\openGL_demo.unsuccessfulbuild" because "AlwaysCreate" was specified.
       ClCompile:
         C:\Program Files (x86)\Microsoft Visual Studio 10.0\VC\bin\CL.exe /c /I../include /Zi /nologo /W3 /WX- /O2 /Oi /Oy- /GL /D WIN32 /D NDEBUG /D _CONSOLE /D _UNICODE /D UNICODE /Gm- /EHsc /MD /GS /Gy /fp:precise /Zc:wchar_t /Zc:forScope /Fo"Release\\" /Fd"Release\vc100.pdb" /Gd /TP /analyze- /errorReport:prompt demo.cpp
         demo.cpp
       Link:
         C:\Program Files (x86)\Microsoft Visual Studio 10.0\VC\bin\link.exe /ERRORREPORT:PROMPT /OUT:"D:\Dropbox_zhicheng.yan.19841231_at_gmail\Dropbox\TA418\openGL_demo\Release\openGL_demo.exe" /INCREMENTAL:NO /NOLOGO /LIBPATH:../lib glew32.lib glu32.lib glut32.lib opengl32.lib kernel32.lib user32.lib gdi32.lib winspool.lib comdlg32.lib advapi32.lib shell32.lib ole32.lib oleaut32.lib uuid.lib odbc32.lib odbccp32.lib kernel32.lib user32.lib gdi32.lib winspool.lib comdlg32.lib advapi32.lib shell32.lib ole32.lib oleaut32.lib uuid.lib odbc32.lib odbccp32.lib /MANIFEST /ManifestFile:"Release\openGL_demo.exe.intermediate.manifest" /MANIFESTUAC:"level='asInvoker' uiAccess='false'" /DEBUG /PDB:"D:\Dropbox_zhicheng.yan.19841231_at_gmail\Dropbox\TA418\openGL_demo\Release\openGL_demo.pdb" /SUBSYSTEM:CONSOLE /OPT:REF /OPT:ICF /LTCG /TLBID:1 /DYNAMICBASE /NXCOMPAT /IMPLIB:"D:\Dropbox_zhicheng.yan.19841231_at_gmail\Dropbox\TA418\openGL_demo\Release\openGL_demo.lib" /MACHINE:X86 Release\demo.obj
         Generating code
         Finished generating code
         openGL_demo.vcxproj -> D:\Dropbox_zhicheng.yan.19841231_at_gmail\Dropbox\TA418\openGL_demo\Release\openGL_demo.exe
       Manifest:
         C:\Program Files (x86)\Microsoft SDKs\Windows\v7.0A\bin\mt.exe /nologo /verbose /outputresource:"D:\Dropbox_zhicheng.yan.19841231_at_gmail\Dropbox\TA418\openGL_demo\Release\openGL_demo.exe;#1" /manifest Release\openGL_demo.exe.intermediate.manifest
       FinalizeBuildStatus:
         Deleting file "Release\openGL_demo.unsuccessfulbuild".
         Touching "Release\openGL_demo.lastbuildstate".
     1>Done Building Project "D:\Dropbox_zhicheng.yan.19841231_at_gmail\Dropbox\TA418\openGL_demo\openGL_demo\openGL_demo.vcxproj" (build target(s)).

Build succeeded.

Time Elapsed 00:00:00.35
